<?xml version="1.0" encoding="UTF-8"?>
<coverage generated="1730029416312" clover="3.2.0">
  <project timestamp="1730029416312" name="All files">
    <metrics statements="13" coveredstatements="13" conditionals="2" coveredconditionals="2" methods="5" coveredmethods="5" elements="20" coveredelements="20" complexity="0" loc="13" ncloc="13" packages="4" files="4" classes="4"/>
    <package name="_components._ui-components.cards.product">
      <metrics statements="3" coveredstatements="3" conditionals="0" coveredconditionals="0" methods="1" coveredmethods="1"/>
      <file name="product.jsx" path="C:\Users\Hayk\Desktop\Tasks\dynamic-filterig\src\_components\_ui-components\cards\product\product.jsx">
        <metrics statements="3" coveredstatements="3" conditionals="0" coveredconditionals="0" methods="1" coveredmethods="1"/>
        <line num="6" count="1" type="stmt"/>
        <line num="8" count="2" type="stmt"/>
        <line num="28" count="1" type="stmt"/>
      </file>
    </package>
    <package name="_components._ui-components.messages.empty-data">
      <metrics statements="3" coveredstatements="3" conditionals="0" coveredconditionals="0" methods="1" coveredmethods="1"/>
      <file name="empty-data.jsx" path="C:\Users\Hayk\Desktop\Tasks\dynamic-filterig\src\_components\_ui-components\messages\empty-data\empty-data.jsx">
        <metrics statements="3" coveredstatements="3" conditionals="0" coveredconditionals="0" methods="1" coveredmethods="1"/>
        <line num="5" count="1" type="stmt"/>
        <line num="7" count="1" type="stmt"/>
        <line num="12" count="1" type="stmt"/>
      </file>
    </package>
    <package name="_components.lazy-loads.lazy-loads-images">
      <metrics statements="3" coveredstatements="3" conditionals="0" coveredconditionals="0" methods="1" coveredmethods="1"/>
      <file name="lazy-loads-images.jsx" path="C:\Users\Hayk\Desktop\Tasks\dynamic-filterig\src\_components\lazy-loads\lazy-loads-images\lazy-loads-images.jsx">
        <metrics statements="3" coveredstatements="3" conditionals="0" coveredconditionals="0" methods="1" coveredmethods="1"/>
        <line num="4" count="1" type="stmt"/>
        <line num="6" count="2" type="stmt"/>
        <line num="13" count="1" type="stmt"/>
      </file>
    </package>
    <package name="contains.pages.products-page.show-products">
      <metrics statements="4" coveredstatements="4" conditionals="2" coveredconditionals="2" methods="2" coveredmethods="2"/>
      <file name="show-products.jsx" path="C:\Users\Hayk\Desktop\Tasks\dynamic-filterig\src\contains\pages\products-page\show-products\show-products.jsx">
        <metrics statements="4" coveredstatements="4" conditionals="2" coveredconditionals="2" methods="2" coveredmethods="2"/>
        <line num="7" count="1" type="stmt"/>
        <line num="9" count="2" type="stmt"/>
        <line num="14" count="2" type="stmt"/>
        <line num="33" count="1" type="stmt"/>
      </file>
    </package>
  </project>
</coverage>
