{"C:\\Users\\Hayk\\Desktop\\Tasks\\dynamic-filterig\\src\\_components\\_ui-components\\cards\\product\\product.jsx": {"path":"C:\\Users\\Hayk\\Desktop\\Tasks\\dynamic-filterig\\src\\_components\\_ui-components\\cards\\product\\product.jsx","statementMap":{"0":{"start":{"line":6,"column":16},"end":{"line":26,"column":1}},"1":{"start":{"line":8,"column":4},"end":{"line":25,"column":6}},"2":{"start":{"line":28,"column":0},"end":{"line":35,"column":1}}},"fnMap":{"0":{"name":"(anonymous_0)","decl":{"start":{"line":6,"column":16},"end":{"line":6,"column":17}},"loc":{"start":{"line":6,"column":70},"end":{"line":26,"column":1}},"line":6}},"branchMap":{},"s":{"0":1,"1":2,"2":1},"f":{"0":2},"b":{},"_coverageSchema":"1a1c01bbd47fc00a2c39e90264f33305004495a9","hash":"a193bff4de5267475978b8dac8a1a1665cd4e650"}
,"C:\\Users\\Hayk\\Desktop\\Tasks\\dynamic-filterig\\src\\_components\\_ui-components\\messages\\empty-data\\empty-data.jsx": {"path":"C:\\Users\\Hayk\\Desktop\\Tasks\\dynamic-filterig\\src\\_components\\_ui-components\\messages\\empty-data\\empty-data.jsx","statementMap":{"0":{"start":{"line":5,"column":18},"end":{"line":10,"column":1}},"1":{"start":{"line":7,"column":4},"end":{"line":9,"column":6}},"2":{"start":{"line":12,"column":0},"end":{"line":14,"column":1}}},"fnMap":{"0":{"name":"(anonymous_0)","decl":{"start":{"line":5,"column":18},"end":{"line":5,"column":19}},"loc":{"start":{"line":5,"column":33},"end":{"line":10,"column":1}},"line":5}},"branchMap":{},"s":{"0":1,"1":1,"2":1},"f":{"0":1},"b":{},"_coverageSchema":"1a1c01bbd47fc00a2c39e90264f33305004495a9","hash":"b68f75bfa47bb8ecface5a389bfd0d565550fdde"}
,"C:\\Users\\Hayk\\Desktop\\Tasks\\dynamic-filterig\\src\\_components\\lazy-loads\\lazy-loads-images\\lazy-loads-images.jsx": {"path":"C:\\Users\\Hayk\\Desktop\\Tasks\\dynamic-filterig\\src\\_components\\lazy-loads\\lazy-loads-images\\lazy-loads-images.jsx","statementMap":{"0":{"start":{"line":4,"column":24},"end":{"line":11,"column":1}},"1":{"start":{"line":6,"column":4},"end":{"line":10,"column":6}},"2":{"start":{"line":13,"column":0},"end":{"line":16,"column":1}}},"fnMap":{"0":{"name":"(anonymous_0)","decl":{"start":{"line":4,"column":24},"end":{"line":4,"column":25}},"loc":{"start":{"line":4,"column":40},"end":{"line":11,"column":1}},"line":4}},"branchMap":{},"s":{"0":1,"1":2,"2":1},"f":{"0":2},"b":{},"_coverageSchema":"1a1c01bbd47fc00a2c39e90264f33305004495a9","hash":"b7ea89f455a1841e0a2e64251785451cfe596d33"}
,"C:\\Users\\Hayk\\Desktop\\Tasks\\dynamic-filterig\\src\\contains\\pages\\products-page\\show-products\\show-products.jsx": {"path":"C:\\Users\\Hayk\\Desktop\\Tasks\\dynamic-filterig\\src\\contains\\pages\\products-page\\show-products\\show-products.jsx","statementMap":{"0":{"start":{"line":7,"column":21},"end":{"line":31,"column":1}},"1":{"start":{"line":9,"column":4},"end":{"line":30,"column":6}},"2":{"start":{"line":14,"column":24},"end":{"line":23,"column":30}},"3":{"start":{"line":33,"column":0},"end":{"line":35,"column":1}}},"fnMap":{"0":{"name":"(anonymous_0)","decl":{"start":{"line":7,"column":21},"end":{"line":7,"column":22}},"loc":{"start":{"line":7,"column":37},"end":{"line":31,"column":1}},"line":7},"1":{"name":"(anonymous_1)","decl":{"start":{"line":13,"column":34},"end":{"line":13,"column":35}},"loc":{"start":{"line":14,"column":24},"end":{"line":23,"column":30}},"line":14}},"branchMap":{"0":{"loc":{"start":{"line":11,"column":13},"end":{"line":27,"column":58}},"type":"cond-expr","locations":[{"start":{"line":12,"column":16},"end":{"line":25,"column":22}},{"start":{"line":27,"column":16},"end":{"line":27,"column":58}}],"line":11}},"s":{"0":1,"1":2,"2":2,"3":1},"f":{"0":2,"1":2},"b":{"0":[1,1]},"_coverageSchema":"1a1c01bbd47fc00a2c39e90264f33305004495a9","hash":"010abd3f73ea8dfc10586a07a2ed271121d61cd9"}
}
